mode: set
github.com/bluemountaincyber/falco_postprocessor/falco_postprocessor.go:20.56,22.16 2 1
github.com/bluemountaincyber/falco_postprocessor/falco_postprocessor.go:22.16,24.3 1 1
github.com/bluemountaincyber/falco_postprocessor/falco_postprocessor.go:26.2,28.32 3 1
github.com/bluemountaincyber/falco_postprocessor/falco_postprocessor.go:28.32,30.3 1 1
github.com/bluemountaincyber/falco_postprocessor/falco_postprocessor.go:31.2,33.6 2 1
github.com/bluemountaincyber/falco_postprocessor/falco_postprocessor.go:33.6,35.40 2 1
github.com/bluemountaincyber/falco_postprocessor/falco_postprocessor.go:35.40,36.9 1 1
github.com/bluemountaincyber/falco_postprocessor/falco_postprocessor.go:37.9,41.4 3 1
github.com/bluemountaincyber/falco_postprocessor/falco_postprocessor.go:44.2,44.28 1 1
github.com/bluemountaincyber/falco_postprocessor/falco_postprocessor.go:47.42,48.38 1 1
github.com/bluemountaincyber/falco_postprocessor/falco_postprocessor.go:48.38,50.17 2 1
github.com/bluemountaincyber/falco_postprocessor/falco_postprocessor.go:50.17,52.4 1 1
github.com/bluemountaincyber/falco_postprocessor/falco_postprocessor.go:53.3,53.44 1 1
github.com/bluemountaincyber/falco_postprocessor/falco_postprocessor.go:55.2,56.12 2 1
github.com/bluemountaincyber/falco_postprocessor/falco_postprocessor.go:59.13,61.16 2 1
github.com/bluemountaincyber/falco_postprocessor/falco_postprocessor.go:61.16,64.3 2 0
github.com/bluemountaincyber/falco_postprocessor/falco_postprocessor.go:66.2,67.58 2 1
github.com/bluemountaincyber/falco_postprocessor/falco_postprocessor.go:67.58,70.3 2 0
github.com/bluemountaincyber/falco_postprocessor/falco_postprocessor.go:72.2,72.44 1 1
github.com/bluemountaincyber/falco_postprocessor/falco_postprocessor.go:72.44,75.3 2 0
github.com/bluemountaincyber/falco_postprocessor/falco_postprocessor.go:77.2,78.16 2 1
github.com/bluemountaincyber/falco_postprocessor/falco_postprocessor.go:78.16,81.3 2 0
github.com/bluemountaincyber/falco_postprocessor/falco_postprocessor.go:83.2,84.16 2 1
github.com/bluemountaincyber/falco_postprocessor/falco_postprocessor.go:84.16,87.3 2 0
github.com/bluemountaincyber/falco_postprocessor/falco_postprocessor.go:88.2,90.64 2 1
github.com/bluemountaincyber/falco_postprocessor/falco_postprocessor.go:90.64,93.3 2 0
